<?xml version="1.0" encoding="UTF-8"?>
<!-- Generated by org.testng.reporters.JUnitReportReporter -->
<testsuite hostname="EGCA1-0091" failures="0" tests="1" name="test_cases.E2E_TestCase001_SignUpWithMobileNumber" time="8.188" errors="0" timestamp="2022-09-18T23:37:07 EET" skipped="0">
  <testcase classname="test_cases.E2E_TestCase001_SignUpWithMobileNumber" name="testSignUpWithMobileNumber" time="8.188"/>
  <system-out/>
</testsuite> <!-- test_cases.E2E_TestCase001_SignUpWithMobileNumber -->
